<?xml version="1.0" encoding="UTF-8"?>
<!-- Generated by org.testng.reporters.JUnitReportReporter -->
<testsuite hostname="Pritam-h17" failures="0" tests="2" name="com.APIAutomation.test.TestExhecution" time="2.090" errors="0" timestamp="2025-03-31T12:31:32 IST" skipped="0">
  <testcase classname="com.APIAutomation.test.TestExhecution" name="Successful_User_Registration" time="2.046"/>
  <testcase classname="com.APIAutomation.test.TestExhecution" name="Registration_with_Existing_Username" time="0.044"/>
</testsuite> <!-- com.APIAutomation.test.TestExhecution -->
