<?xml version="1.0" encoding="UTF-8"?>
<!-- Generated by org.testng.reporters.JUnitReportReporter -->
<testsuite hostname="Pritam-h17" failures="0" tests="1" name="com.APIAutomation.test.TestExhecution" time="3.047" errors="0" timestamp="2025-04-06T11:57:29 IST" skipped="0">
  <testcase classname="com.APIAutomation.test.TestExhecution" name="Login_Invalid_Credentials" time="3.047"/>
</testsuite> <!-- com.APIAutomation.test.TestExhecution -->
