<?xml version="1.0" encoding="UTF-8"?>
<!-- Generated by org.testng.reporters.JUnitReportReporter -->
<testsuite hostname="Pritam-h17" failures="0" tests="1" name="com.APIAutomation.test.TestExhecution" time="2.227" errors="0" timestamp="2025-03-30T10:26:56 IST" skipped="0">
  <testcase classname="com.APIAutomation.test.TestExhecution" name="Dummy" time="2.227"/>
</testsuite> <!-- com.APIAutomation.test.TestExhecution -->
