<?xml version="1.0" encoding="UTF-8"?>
<!-- Generated by org.testng.reporters.JUnitReportReporter -->
<testsuite hostname="Pritam-h17" failures="0" tests="1" name="com.APIAutomation.test.TestExhecution" time="2.555" errors="0" timestamp="2025-03-30T11:14:57 IST" skipped="0">
  <testcase classname="com.APIAutomation.test.TestExhecution" name="Successful_User_Registration" time="2.555"/>
</testsuite> <!-- com.APIAutomation.test.TestExhecution -->
